time="2026-05-09T17:42:43Z" level=warning msg="/home/ubuntu/portal_game/docker-compose.yml: the attribute `version` is obsolete, it will be ignored, please remove it to avoid potential confusion"
🎮 Juegos actuales en DB: 700
➕ Modo acumulativo: solo agrega juegos nuevos
📋 IDs en memoria: 700
🌐 Descargando lista de Steam...
📦 Apps encontradas: 50000
🎮 [1/200] Human Extinction Simulator
🎮 [2/200] Power of Love
🎮 [3/200] No Time To Explain Remastered
🎮 [4/200] Obliteracers
🎮 [5/200] Playing History: Vikings
🎮 [6/200] President for a Day - Floodings
🎮 [7/200] President for a Day - Corruption
🎮 [8/200] Adventure in the Tower of Flight
🎮 [9/200] Garbage Day
🎮 [10/200] Mystery Maze Of Balthasar Castle
🎮 [11/200] AR-K: The Great Escape
🎮 [12/200] Jigoku Kisetsukan: Sense of the Seasons
🎮 [13/200] Haywire on Fuel Station Zeta
🎮 [14/200] Despair
🎮 [15/200] Pongo
🎮 [16/200] Vinyl
🎮 [17/200] Yargis - Space Melee
🎮 [18/200] Amygdala
🎮 [19/200] Slain: Back from Hell
🎮 [20/200] Age of Survival
🎮 [21/200] Predator Simulator
🎮 [22/200] The Swindle
🎮 [23/200] Invisible Apartment Zero
🎮 [24/200] SoulCraft
🎮 [25/200] Megatect
🎮 [26/200] Hidden Mysteries: Titanic
🎮 [27/200] Airport Madness: World Edition
🎮 [28/200] Monstro: Battle Tactics
🎮 [29/200] Car Washer: Summer of the Ninja
🎮 [30/200] Crossfire: Dungeons
🎮 [31/200] 9 Clues 2: The Ward
🎮 [32/200] Immortal: Unchained
🎮 [33/200] Professor Why™: The Quantum Eye
🎮 [34/200] Void Destroyer 2
🎮 [35/200] Blacksea Odyssey
🎮 [36/200] The Story Goes On
🎮 [37/200] Spectra
🎮 [38/200] Treeker: The Lost Glasses - Classic + Remake Edition
🎮 [39/200] Tanzia
🎮 [40/200] Toonstruck
🎮 [41/200] Holobunnies: The Bittersweet Adventure
🎮 [42/200] Brain Guzzler: The End Is Nigh
🎮 [43/200] Riddled Corpses
🎮 [44/200] Gremlins, Inc.
🎮 [45/200] Templar Battleforce
🎮 [46/200] Lilly and Sasha: Nexus of Souls
🎮 [47/200] Scarab Tales
🎮 [48/200] Coffee Shop Tycoon
🎮 [49/200] Wyrmsun
🎮 [50/200] Breezeblox
💾 Guardados 50 juegos
🎮 [51/200] Axis Football 2015
🎮 [52/200] Pirate Code
🎮 [53/200] Lion Quest
🎮 [54/200] Nebulous
🎮 [55/200] LOOP: A Tranquil Puzzle Game
🎮 [56/200] Dale Hardshovel HD
🎮 [57/200] Ruzh Delta Z
🎮 [58/200] Two Steps Back
🎮 [59/200] Animal Gods
🎮 [60/200] Jim Power -The Lost Dimension
🎮 [61/200] Season of 12 Colors
🎮 [62/200] 8-Bit Adventures 1: The Forgotten Journey Remastered Edition
🎮 [63/200] Tompi Jones
🎮 [64/200] SEED OF LIFE
🎮 [65/200] Welcome To The Untitled Game
🎮 [66/200] LOTUS-Simulator
🎮 [67/200] TIS-100
🎮 [68/200] No70: Eye of Basir
🎮 [69/200] Arcana Heart 3 LOVE MAX!!!!!
🎮 [70/200] Pixel Galaxy
🎮 [71/200] ASCII Attack
🎮 [72/200] Marble Mayhem: Fragile Ball
🎮 [73/200] Gary Grigsby's War in the East
🎮 [74/200] Sparkle 2
🎮 [75/200] Geek Resort
🎮 [76/200] Color Assembler
🎮 [77/200] Gem Wars: Attack of the Jiblets
🎮 [78/200] Hello Kitty and Sanrio Friends Racing
🎮 [79/200] Onyx
🎮 [80/200] Sylia
🎮 [81/200] Midnight's Blessing
🎮 [82/200] Opaline
🎮 [83/200] The Tale of a Common Man
🎮 [84/200] Elendia Ceus
🎮 [85/200] Black Home
🎮 [86/200] Last Heroes
🎮 [87/200] NOBUNAGA'S AMBITION: Tenshouki with Power Up Kit HD Version
🎮 [88/200] Dungeoncraft
🎮 [89/200] Holodrive
🎮 [90/200] Fated Souls
🎮 [91/200] Dark Future: Blood Red States (Classic)
🎮 [92/200] Kathy Rain
🎮 [93/200] Cosmophony
🎮 [94/200] Demons with Shotguns
🎮 [95/200] Unlimited Escape 3 & 4 Double Pack
🎮 [96/200] Cave Coaster
🎮 [97/200] Nomad Fleet
🎮 [98/200] Waste Walkers
🎮 [99/200] Aegis Defenders
🎮 [100/200] Super 3-D Noah's Ark
💾 Guardados 100 juegos
🎮 [101/200] Making History: The Calm and the Storm Gold Edition
🎮 [102/200] Halcyon 6: Starbase Commander
🎮 [103/200] VERLIES II
🎮 [104/200] Rolling Shapes
🎮 [105/200] Knee Deep
🎮 [106/200] Samsa and the Knights of Light
🎮 [107/200] Two Digits
🎮 [108/200] Orc Assault
🎮 [109/200] Advent
🎮 [110/200] Dr. Spacezoo
🎮 [111/200] Flix The Flea
🎮 [112/200] Downpour
🎮 [113/200] Hostile Dimension
🎮 [114/200] Space Grunts
🎮 [115/200] Awe
🎮 [116/200] Gnumz: Masters of Defense
🎮 [117/200] Gunnheim
🎮 [118/200] Bounty Train
🎮 [119/200] Legends of Pixelia
🎮 [120/200] A Bastard's Tale
🎮 [121/200] Tap Heroes
🎮 [122/200] Catjong 2: Pawprints in the Snow
🎮 [123/200] SBX: Invasion
🎮 [124/200] COLINA: Legacy
🎮 [125/200] Far Cry® Primal
🎮 [126/200] Rolling Sun
🎮 [127/200] Hypership Out of Control 2
🎮 [128/200] Age of Castles: Warlords
🎮 [129/200] Ramayana
🎮 [130/200] Football Mogul 2014
🎮 [131/200] Collider
🎮 [132/200] Gunslugs
🎮 [133/200] Pillar
🎮 [134/200] The Adventures of Rob-1E
🎮 [135/200] Barony
🎮 [136/200] Tree of Savior (English Ver.)
🎮 [137/200] Starship Rubicon
🎮 [138/200] Kramora's Shadow
🎮 [139/200] Yasai Ninja
🎮 [140/200] Soviet Monsters: Ekranoplans
🎮 [141/200] Astro Lords: Oort Cloud
🎮 [142/200] Spooky Cats
🎮 [143/200] Turnover
🎮 [144/200] LOST ORBIT: Terminal Velocity
🎮 [145/200] Beauty Bounce
🎮 [146/200] SnarfQuest Tales
🎮 [147/200] Tumbleweed Express
🎮 [148/200] Tales of Symphonia
🎮 [149/200] Warriors & Castles
🎮 [150/200] World Defense : A Fragmented Reality Game
💾 Guardados 150 juegos
🎮 [151/200] Spaceforce Rogue Universe HD
🎮 [152/200] GROOVY
🎮 [153/200] The Lost Mythologies
🎮 [154/200] Tanita: A Plasticine Dream
🎮 [155/200] A Stroke of Fate: Operation Bunker
🎮 [156/200] Eternal Realm
🎮 [157/200] Chiptune Champion
🎮 [158/200] The Language Game
🎮 [159/200] Second Warfare
🎮 [160/200] Girl Amazon Survival
🎮 [161/200] Floors of Discomfort
🎮 [162/200] Pulse
🎮 [163/200] RPG MO
🎮 [164/200] Shot In The Dark
🎮 [165/200] Fitz the Fox
🎮 [166/200] Misterios del Cuervo Rojo: La Legión
🎮 [167/200] New York Mysteries: Secrets of the Mafia Collector's Edition
🎮 [168/200] Lost Lands: The Four Horsemen Collector's Edition
🎮 [169/200] Professor Why™ Chemistry 1
🎮 [170/200] Robbery Bob: Man of Steal
🎮 [171/200] Cash_Out
🎮 [172/200] Bernie Needs Love
🎮 [173/200] Chicken Invaders 3
🎮 [174/200] ENKI
🎮 [175/200] N.E.R.O.: Nothing Ever Remains Obscure
🎮 [176/200] Prismatica
🎮 [177/200] Pike and Shot : Campaigns
🎮 [178/200] 侠客风云传(Tale of Wuxia)
🎮 [179/200] Unfair Jousting Fair
🎮 [180/200] Space Drifters 2D
🎮 [181/200] Tcheco in the Castle of Lucio
🎮 [182/200] Blockwick 2
🎮 [183/200] G-senjou no Maou - The Devil on G-String
🎮 [184/200] Sakura Beach
🎮 [185/200] Starlight Vega
🎮 [186/200] Idol Magical Girl Chiru Chiru Michiru Part 1
🎮 [187/200] Idol Magical Girl Chiru Chiru Michiru Part 2
🎮 [188/200] Fox & Flock
🎮 [189/200] Moonshot
🎮 [190/200] Xuan-Yuan Sword: The Gate of Firmament
🎮 [191/200] Siege - the card game
🎮 [192/200] Fernbus Simulator
🎮 [193/200] DEAD RISING®
🎮 [194/200] Cosmic Trip
🎮 [195/200] 8-Bit Armies
🎮 [196/200] Vampyr
🎮 [197/200] Abiotic Factor
🎮 [198/200] Democracy 3 Africa
🎮 [199/200] Indecision.
🎮 [200/200] Valknut
💾 Guardados 200 juegos

===================================
✅ TERMINADO
🎮 Juegos insertados: 200
===================================
====================
✅ TERMINADO
🎮 Juegos insertados: 200
===================================
